0 info it worked if it ends with ok
1 verbose cli [ '/usr/local/bin/node', '/usr/local/bin/npm', 'run', 'dev' ]
2 info using npm@6.14.4
3 info using node@v12.16.2
4 verbose run-script [ 'predev', 'dev', 'postdev' ]
5 info lifecycle app@1.0.0~predev: app@1.0.0
6 info lifecycle app@1.0.0~dev: app@1.0.0
7 verbose lifecycle app@1.0.0~dev: unsafe-perm in lifecycle true
8 verbose lifecycle app@1.0.0~dev: PATH: /usr/local/lib/node_modules/npm/node_modules/npm-lifecycle/node-gyp-bin:/Users/huqiaodong/Documents/html5css3/app/node_modules/.bin:/usr/local/bin:/usr/bin:/bin:/usr/sbin:/sbin:/Library/Java/JavaVirtualMachines/jdk1.8.0_181.jdk/Contents/Home/bin
9 verbose lifecycle app@1.0.0~dev: CWD: /Users/huqiaodong/Documents/html5css3/app
10 silly lifecycle app@1.0.0~dev: Args: [ '-c', 'npx webpack --config webpack.config.dev.js' ]
11 silly lifecycle app@1.0.0~dev: Returned: code: 2  signal: null
12 info lifecycle app@1.0.0~dev: Failed to exec dev script
13 verbose stack Error: app@1.0.0 dev: `npx webpack --config webpack.config.dev.js`
13 verbose stack Exit status 2
13 verbose stack     at EventEmitter.<anonymous> (/usr/local/lib/node_modules/npm/node_modules/npm-lifecycle/index.js:332:16)
13 verbose stack     at EventEmitter.emit (events.js:310:20)
13 verbose stack     at ChildProcess.<anonymous> (/usr/local/lib/node_modules/npm/node_modules/npm-lifecycle/lib/spawn.js:55:14)
13 verbose stack     at ChildProcess.emit (events.js:310:20)
13 verbose stack     at maybeClose (internal/child_process.js:1021:16)
13 verbose stack     at Process.ChildProcess._handle.onexit (internal/child_process.js:286:5)
14 verbose pkgid app@1.0.0
15 verbose cwd /Users/huqiaodong/Documents/html5css3/app
16 verbose Darwin 18.7.0
17 verbose argv "/usr/local/bin/node" "/usr/local/bin/npm" "run" "dev"
18 verbose node v12.16.2
19 verbose npm  v6.14.4
20 error code ELIFECYCLE
21 error errno 2
22 error app@1.0.0 dev: `npx webpack --config webpack.config.dev.js`
22 error Exit status 2
23 error Failed at the app@1.0.0 dev script.
23 error This is probably not a problem with npm. There is likely additional logging output above.
24 verbose exit [ 2, true ]
